<?xml version="1.0" encoding="UTF-8" standalone="no"?>
<testsuite errors="0" failures="2" name="io.cucumber.core.plugin.JUnitFormatter" skipped="0" tests="4" time="151.06">
    <testcase classname="Login to HRM Application" name="Login with valid credentials" time="35.796">
        <system-out>
            <![CDATA[Given User is on HRMLogin page..............................................passed
When User enters username as "Admin" and password as "admin123".............passed
Then User should be able to login sucessfully and new page open.............passed
]]>
        </system-out>
    </testcase>
    <testcase classname="Login to HRM Application" name="Login with invalid credentials" time="30.246">
        <system-out>
            <![CDATA[Given User is on HRMLogin page..............................................passed
When User enters username as "Admin1" and password as "admin123"............passed
Then User should not be able to login sucessfully and new page should not open.passed
]]>
        </system-out>
    </testcase>
    <testcase classname="Login to HRM Application" name="Login and Logout successfully" time="79.776">
        <failure message="Cannot locate an element using id=logInPanelHeading&#10;For documentation on this error, please visit: https://www.seleniumhq.org/exceptions/no_such_element.html&#10;Build info: version: '3.141.59', revision: 'e82be7d358', time: '2018-11-14T08:17:03'&#10;System info: host: 'M5-L-CNM8103', ip: '192.168.75.118', os.name: 'Windows 10', os.arch: 'amd64', os.version: '10.0', java.version: '11.0.11'&#10;Driver info: driver.version: RemoteWebDriver" type="org.openqa.selenium.NoSuchElementException">
            <![CDATA[Given User is on HRMLogin page..............................................passed
When User enters username as "Admin" and password as "admin123".............passed
Then User should be able to login sucessfully and new page open.............passed
Then User should successfully able to logout................................passed
And User should be able to redirect to login screen.........................failed

StackTrace:
org.openqa.selenium.NoSuchElementException: Cannot locate an element using id=logInPanelHeading
For documentation on this error, please visit: https://www.seleniumhq.org/exceptions/no_such_element.html
Build info: version: '3.141.59', revision: 'e82be7d358', time: '2018-11-14T08:17:03'
System info: host: 'M5-L-CNM8103', ip: '192.168.75.118', os.name: 'Windows 10', os.arch: 'amd64', os.version: '10.0', java.version: '11.0.11'
Driver info: driver.version: RemoteWebDriver
	at org.openqa.selenium.remote.RemoteWebDriver.findElement(RemoteWebDriver.java:327)
	at org.openqa.selenium.remote.RemoteWebDriver.findElementById(RemoteWebDriver.java:372)
	at org.openqa.selenium.By$ById.findElement(By.java:188)
	at org.openqa.selenium.remote.RemoteWebDriver.findElement(RemoteWebDriver.java:315)
	at org.openqa.selenium.support.pagefactory.DefaultElementLocator.findElement(DefaultElementLocator.java:69)
	at org.openqa.selenium.support.pagefactory.internal.LocatingElementHandler.invoke(LocatingElementHandler.java:38)
	at com.sun.proxy.$Proxy20.getText(Unknown Source)
	at com.cucumber.pageobjectmodel.definitions.LogoutPage.getverifyloginpanel(LogoutPage.java:37)
	at com.cucumber.pageobjectmodel.stepdefinations.LoginPageDefinitions.VerifyLoginScreenAfterLogout(LoginPageDefinitions.java:96)
	at âœ½.User should be able to redirect to login screen(file:///C:/Users/diptee.nanda/eclipse-workspace/Automation/src/test/resources/features/HRMLoginPage.feature:23)
]]>
        </failure>
    </testcase>
    <testcase classname="Login to HRM Application" name="Login and Logout and Login again" time="4.969">
        <failure message="unknown error: cannot determine loading status&#10;from disconnected: received Inspector.detached event&#10;  (Session info: chrome=92.0.4515.159)&#10;Build info: version: '3.141.59', revision: 'e82be7d358', time: '2018-11-14T08:17:03'&#10;System info: host: 'M5-L-CNM8103', ip: '192.168.75.118', os.name: 'Windows 10', os.arch: 'amd64', os.version: '10.0', java.version: '11.0.11'&#10;Driver info: org.openqa.selenium.chrome.ChromeDriver&#10;Capabilities {acceptInsecureCerts: false, browserName: chrome, browserVersion: 92.0.4515.159, chrome: {chromedriverVersion: 92.0.4515.107 (87a818b10553..., userDataDir: C:\Users\DIPTEE~1.NAN\AppDa...}, goog:chromeOptions: {debuggerAddress: localhost:56353}, javascriptEnabled: true, networkConnectionEnabled: false, pageLoadStrategy: normal, platform: WINDOWS, platformName: WINDOWS, proxy: Proxy(), setWindowRect: true, strictFileInteractability: false, timeouts: {implicit: 0, pageLoad: 300000, script: 30000}, unhandledPromptBehavior: dismiss and notify, webauthn:extension:credBlob: true, webauthn:extension:largeBlob: true, webauthn:virtualAuthenticators: true}&#10;Session ID: 1bac7804978a617bc456a1d35d37ed51" type="org.openqa.selenium.WebDriverException">
            <![CDATA[Given User is on HRMLogin page..............................................skipped
When User enters username as "Admin" and password as "admin123".............skipped
Then User should be able to login sucessfully and new page open.............skipped
Then User should successfully able to logout................................skipped
And User should be able to redirect to login screen.........................skipped
When User enters username as "Admin" and password as "admin123".............skipped
Then User should be able to login sucessfully and new page open.............skipped
Then User should successfully able to logout................................skipped

StackTrace:
org.openqa.selenium.WebDriverException: unknown error: cannot determine loading status
from disconnected: received Inspector.detached event
  (Session info: chrome=92.0.4515.159)
Build info: version: '3.141.59', revision: 'e82be7d358', time: '2018-11-14T08:17:03'
System info: host: 'M5-L-CNM8103', ip: '192.168.75.118', os.name: 'Windows 10', os.arch: 'amd64', os.version: '10.0', java.version: '11.0.11'
Driver info: org.openqa.selenium.chrome.ChromeDriver
Capabilities {acceptInsecureCerts: false, browserName: chrome, browserVersion: 92.0.4515.159, chrome: {chromedriverVersion: 92.0.4515.107 (87a818b10553..., userDataDir: C:\Users\DIPTEE~1.NAN\AppDa...}, goog:chromeOptions: {debuggerAddress: localhost:56353}, javascriptEnabled: true, networkConnectionEnabled: false, pageLoadStrategy: normal, platform: WINDOWS, platformName: WINDOWS, proxy: Proxy(), setWindowRect: true, strictFileInteractability: false, timeouts: {implicit: 0, pageLoad: 300000, script: 30000}, unhandledPromptBehavior: dismiss and notify, webauthn:extension:credBlob: true, webauthn:extension:largeBlob: true, webauthn:virtualAuthenticators: true}
Session ID: 1bac7804978a617bc456a1d35d37ed51
	at java.base/jdk.internal.reflect.NativeConstructorAccessorImpl.newInstance0(Native Method)
	at java.base/jdk.internal.reflect.NativeConstructorAccessorImpl.newInstance(NativeConstructorAccessorImpl.java:62)
	at java.base/jdk.internal.reflect.DelegatingConstructorAccessorImpl.newInstance(DelegatingConstructorAccessorImpl.java:45)
	at java.base/java.lang.reflect.Constructor.newInstance(Constructor.java:490)
	at org.openqa.selenium.remote.http.W3CHttpResponseCodec.createException(W3CHttpResponseCodec.java:187)
	at org.openqa.selenium.remote.http.W3CHttpResponseCodec.decode(W3CHttpResponseCodec.java:122)
	at org.openqa.selenium.remote.http.W3CHttpResponseCodec.decode(W3CHttpResponseCodec.java:49)
	at org.openqa.selenium.remote.HttpCommandExecutor.execute(HttpCommandExecutor.java:158)
	at org.openqa.selenium.remote.service.DriverCommandExecutor.execute(DriverCommandExecutor.java:83)
	at org.openqa.selenium.remote.RemoteWebDriver.execute(RemoteWebDriver.java:552)
	at org.openqa.selenium.remote.RemoteWebDriver.get(RemoteWebDriver.java:277)
	at com.cucumber.pageobjectmodel.stepdefinations.LoginPageDefinitions.setup(LoginPageDefinitions.java:48)
]]>
        </failure>
    </testcase>
</testsuite>
